2025-04-27 14:29:01 [scrapy.utils.log] INFO: Scrapy 2.12.0 started (bot: burmese_movies)
2025-04-27 14:29:01 [scrapy.utils.log] INFO: Versions: lxml 5.3.1.0, libxml2 2.13.7, cssselect 1.2.0, parsel 1.8.1, w3lib 2.2.0, Twisted 24.3.0, Python 3.13.2 (main, Feb  5 2025, 08:05:21) [GCC 14.2.1 20250128], pyOpenSSL 25.0.0 (OpenSSL 3.4.1 11 Feb 2025), cryptography 44.0.2, Platform Linux-6.12.21-4-MANJARO-x86_64-with-glibc2.41
2025-04-27 14:29:01 [scrapy.addons] INFO: Enabled addons:
[]
2025-04-27 14:29:01 [scrapy.extensions.telnet] INFO: Telnet Password: b39428b64f08fdda
2025-04-27 14:29:01 [py.warnings] WARNING: /usr/lib/python3.13/site-packages/scrapy/extensions/feedexport.py:432: ScrapyDeprecationWarning: The `FEED_URI` and `FEED_FORMAT` settings have been deprecated in favor of the `FEEDS` setting. Please see the `FEEDS` setting docs for more details
  exporter = cls(crawler)

2025-04-27 14:29:01 [scrapy.middleware] INFO: Enabled extensions:
['scrapy.extensions.corestats.CoreStats',
 'scrapy.extensions.telnet.TelnetConsole',
 'scrapy.extensions.memusage.MemoryUsage',
 'scrapy.extensions.feedexport.FeedExporter',
 'scrapy.extensions.logstats.LogStats']
2025-04-27 14:29:01 [scrapy.crawler] INFO: Overridden settings:
{'BOT_NAME': 'burmese_movies',
 'DOWNLOAD_DELAY': 1,
 'FEED_EXPORT_ENCODING': 'utf-8',
 'LOG_FILE': 'crawler_output.log',
 'LOG_LEVEL': 'INFO',
 'NEWSPIDER_MODULE': 'burmese_movies.spiders',
 'ROBOTSTXT_OBEY': True,
 'SPIDER_MODULES': ['burmese_movies.spiders'],
 'TWISTED_REACTOR': 'twisted.internet.asyncioreactor.AsyncioSelectorReactor'}
2025-04-27 14:29:01 [scrapy.middleware] INFO: Enabled downloader middlewares:
['scrapy.downloadermiddlewares.offsite.OffsiteMiddleware',
 'scrapy.downloadermiddlewares.robotstxt.RobotsTxtMiddleware',
 'scrapy.downloadermiddlewares.httpauth.HttpAuthMiddleware',
 'scrapy.downloadermiddlewares.downloadtimeout.DownloadTimeoutMiddleware',
 'scrapy.downloadermiddlewares.defaultheaders.DefaultHeadersMiddleware',
 'scrapy.downloadermiddlewares.useragent.UserAgentMiddleware',
 'scrapy.downloadermiddlewares.retry.RetryMiddleware',
 'scrapy.downloadermiddlewares.redirect.MetaRefreshMiddleware',
 'scrapy.downloadermiddlewares.httpcompression.HttpCompressionMiddleware',
 'scrapy.downloadermiddlewares.redirect.RedirectMiddleware',
 'scrapy.downloadermiddlewares.cookies.CookiesMiddleware',
 'scrapy.downloadermiddlewares.httpproxy.HttpProxyMiddleware',
 'scrapy.downloadermiddlewares.stats.DownloaderStats']
2025-04-27 14:29:01 [scrapy.middleware] INFO: Enabled spider middlewares:
['scrapy.spidermiddlewares.httperror.HttpErrorMiddleware',
 'scrapy.spidermiddlewares.referer.RefererMiddleware',
 'scrapy.spidermiddlewares.urllength.UrlLengthMiddleware',
 'scrapy.spidermiddlewares.depth.DepthMiddleware']
2025-04-27 14:29:01 [scrapy.middleware] INFO: Enabled item pipelines:
[]
2025-04-27 14:29:01 [scrapy.core.engine] INFO: Spider opened
2025-04-27 14:29:01 [scrapy.extensions.logstats] INFO: Crawled 0 pages (at 0 pages/min), scraped 0 items (at 0 items/min)
2025-04-27 14:29:01 [scrapy.extensions.telnet] INFO: Telnet console listening on 127.0.0.1:6023
2025-04-27 14:29:03 [scrapy.core.engine] INFO: Closing spider (finished)
2025-04-27 14:29:03 [scrapy.extensions.feedexport] INFO: Stored json feed (0 items) in: output/movies.json
2025-04-27 14:29:03 [scrapy.statscollectors] INFO: Dumping Scrapy stats:
{'downloader/request_bytes': 461,
 'downloader/request_count': 2,
 'downloader/request_method_count/GET': 2,
 'downloader/response_bytes': 65426,
 'downloader/response_count': 2,
 'downloader/response_status_count/200': 2,
 'elapsed_time_seconds': 2.1051,
 'feedexport/success_count/FileFeedStorage': 1,
 'finish_reason': 'finished',
 'finish_time': datetime.datetime(2025, 4, 27, 21, 29, 3, 678388, tzinfo=datetime.timezone.utc),
 'httpcompression/response_bytes': 269506,
 'httpcompression/response_count': 2,
 'items_per_minute': None,
 'log_count/INFO': 11,
 'log_count/WARNING': 1,
 'memusage/max': 75853824,
 'memusage/startup': 75853824,
 'response_received_count': 2,
 'responses_per_minute': None,
 'robotstxt/request_count': 1,
 'robotstxt/response_count': 1,
 'robotstxt/response_status_count/200': 1,
 'scheduler/dequeued': 1,
 'scheduler/dequeued/memory': 1,
 'scheduler/enqueued': 1,
 'scheduler/enqueued/memory': 1,
 'start_time': datetime.datetime(2025, 4, 27, 21, 29, 1, 573288, tzinfo=datetime.timezone.utc)}
2025-04-27 14:29:03 [scrapy.core.engine] INFO: Spider closed (finished)
2025-04-27 14:29:27 [scrapy.utils.log] INFO: Scrapy 2.12.0 started (bot: burmese_movies)
2025-04-27 14:29:27 [scrapy.utils.log] INFO: Versions: lxml 5.3.1.0, libxml2 2.13.7, cssselect 1.2.0, parsel 1.8.1, w3lib 2.2.0, Twisted 24.3.0, Python 3.13.2 (main, Feb  5 2025, 08:05:21) [GCC 14.2.1 20250128], pyOpenSSL 25.0.0 (OpenSSL 3.4.1 11 Feb 2025), cryptography 44.0.2, Platform Linux-6.12.21-4-MANJARO-x86_64-with-glibc2.41
2025-04-27 14:29:27 [scrapy.addons] INFO: Enabled addons:
[]
2025-04-27 14:29:27 [scrapy.extensions.telnet] INFO: Telnet Password: 1089d4aad59f4944
2025-04-27 14:29:27 [py.warnings] WARNING: /usr/lib/python3.13/site-packages/scrapy/extensions/feedexport.py:432: ScrapyDeprecationWarning: The `FEED_URI` and `FEED_FORMAT` settings have been deprecated in favor of the `FEEDS` setting. Please see the `FEEDS` setting docs for more details
  exporter = cls(crawler)

2025-04-27 14:29:27 [scrapy.middleware] INFO: Enabled extensions:
['scrapy.extensions.corestats.CoreStats',
 'scrapy.extensions.telnet.TelnetConsole',
 'scrapy.extensions.memusage.MemoryUsage',
 'scrapy.extensions.feedexport.FeedExporter',
 'scrapy.extensions.logstats.LogStats']
2025-04-27 14:29:27 [scrapy.crawler] INFO: Overridden settings:
{'BOT_NAME': 'burmese_movies',
 'DOWNLOAD_DELAY': 1,
 'FEED_EXPORT_ENCODING': 'utf-8',
 'LOG_FILE': 'crawler_output.log',
 'LOG_LEVEL': 'INFO',
 'NEWSPIDER_MODULE': 'burmese_movies.spiders',
 'ROBOTSTXT_OBEY': True,
 'SPIDER_MODULES': ['burmese_movies.spiders'],
 'TWISTED_REACTOR': 'twisted.internet.asyncioreactor.AsyncioSelectorReactor'}
2025-04-27 14:29:27 [scrapy.middleware] INFO: Enabled downloader middlewares:
['scrapy.downloadermiddlewares.offsite.OffsiteMiddleware',
 'scrapy.downloadermiddlewares.robotstxt.RobotsTxtMiddleware',
 'scrapy.downloadermiddlewares.httpauth.HttpAuthMiddleware',
 'scrapy.downloadermiddlewares.downloadtimeout.DownloadTimeoutMiddleware',
 'scrapy.downloadermiddlewares.defaultheaders.DefaultHeadersMiddleware',
 'scrapy.downloadermiddlewares.useragent.UserAgentMiddleware',
 'scrapy.downloadermiddlewares.retry.RetryMiddleware',
 'scrapy.downloadermiddlewares.redirect.MetaRefreshMiddleware',
 'scrapy.downloadermiddlewares.httpcompression.HttpCompressionMiddleware',
 'scrapy.downloadermiddlewares.redirect.RedirectMiddleware',
 'scrapy.downloadermiddlewares.cookies.CookiesMiddleware',
 'scrapy.downloadermiddlewares.httpproxy.HttpProxyMiddleware',
 'scrapy.downloadermiddlewares.stats.DownloaderStats']
2025-04-27 14:29:27 [scrapy.middleware] INFO: Enabled spider middlewares:
['scrapy.spidermiddlewares.httperror.HttpErrorMiddleware',
 'scrapy.spidermiddlewares.referer.RefererMiddleware',
 'scrapy.spidermiddlewares.urllength.UrlLengthMiddleware',
 'scrapy.spidermiddlewares.depth.DepthMiddleware']
2025-04-27 14:29:27 [scrapy.middleware] INFO: Enabled item pipelines:
[]
2025-04-27 14:29:27 [scrapy.core.engine] INFO: Spider opened
2025-04-27 14:29:27 [scrapy.extensions.logstats] INFO: Crawled 0 pages (at 0 pages/min), scraped 0 items (at 0 items/min)
2025-04-27 14:29:27 [scrapy.extensions.telnet] INFO: Telnet console listening on 127.0.0.1:6023
2025-04-27 14:29:29 [scrapy.core.engine] INFO: Closing spider (finished)
2025-04-27 14:29:29 [scrapy.extensions.feedexport] INFO: Stored json feed (0 items) in: output/movies.json
2025-04-27 14:29:29 [scrapy.statscollectors] INFO: Dumping Scrapy stats:
{'downloader/request_bytes': 461,
 'downloader/request_count': 2,
 'downloader/request_method_count/GET': 2,
 'downloader/response_bytes': 65423,
 'downloader/response_count': 2,
 'downloader/response_status_count/200': 2,
 'elapsed_time_seconds': 1.638287,
 'feedexport/success_count/FileFeedStorage': 1,
 'finish_reason': 'finished',
 'finish_time': datetime.datetime(2025, 4, 27, 21, 29, 29, 294000, tzinfo=datetime.timezone.utc),
 'httpcompression/response_bytes': 269506,
 'httpcompression/response_count': 2,
 'items_per_minute': None,
 'log_count/INFO': 11,
 'log_count/WARNING': 1,
 'memusage/max': 75857920,
 'memusage/startup': 75857920,
 'response_received_count': 2,
 'responses_per_minute': None,
 'robotstxt/request_count': 1,
 'robotstxt/response_count': 1,
 'robotstxt/response_status_count/200': 1,
 'scheduler/dequeued': 1,
 'scheduler/dequeued/memory': 1,
 'scheduler/enqueued': 1,
 'scheduler/enqueued/memory': 1,
 'start_time': datetime.datetime(2025, 4, 27, 21, 29, 27, 655713, tzinfo=datetime.timezone.utc)}
2025-04-27 14:29:29 [scrapy.core.engine] INFO: Spider closed (finished)
2025-04-27 14:39:38 [scrapy.utils.log] INFO: Scrapy 2.12.0 started (bot: burmese_movies)
2025-04-27 14:39:38 [scrapy.utils.log] INFO: Versions: lxml 5.4.0.0, libxml2 2.13.8, cssselect 1.3.0, parsel 1.10.0, w3lib 2.3.1, Twisted 24.11.0, Python 3.13.2 (main, Feb  5 2025, 08:05:21) [GCC 14.2.1 20250128], pyOpenSSL 25.0.0 (OpenSSL 3.4.1 11 Feb 2025), cryptography 44.0.2, Platform Linux-6.12.21-4-MANJARO-x86_64-with-glibc2.41
2025-04-27 14:40:13 [scrapy.addons] INFO: Enabled addons:
[]
2025-04-27 14:40:13 [scrapy.extensions.telnet] INFO: Telnet Password: fe0a8f632f32fde9
2025-04-27 14:40:13 [py.warnings] WARNING: /home/kaung/Burmese Movies Catalogue/burmese_movies/.venv/lib/python3.13/site-packages/scrapy/extensions/feedexport.py:432: ScrapyDeprecationWarning: The `FEED_URI` and `FEED_FORMAT` settings have been deprecated in favor of the `FEEDS` setting. Please see the `FEEDS` setting docs for more details
  exporter = cls(crawler)

2025-04-27 14:40:13 [scrapy.middleware] INFO: Enabled extensions:
['scrapy.extensions.corestats.CoreStats',
 'scrapy.extensions.telnet.TelnetConsole',
 'scrapy.extensions.memusage.MemoryUsage',
 'scrapy.extensions.feedexport.FeedExporter',
 'scrapy.extensions.logstats.LogStats']
2025-04-27 14:40:13 [scrapy.crawler] INFO: Overridden settings:
{'BOT_NAME': 'burmese_movies',
 'DOWNLOAD_DELAY': 1,
 'FEED_EXPORT_ENCODING': 'utf-8',
 'LOG_FILE': 'crawler_output.log',
 'LOG_LEVEL': 'INFO',
 'NEWSPIDER_MODULE': 'burmese_movies.spiders',
 'ROBOTSTXT_OBEY': True,
 'SPIDER_MODULES': ['burmese_movies.spiders'],
 'TWISTED_REACTOR': 'twisted.internet.asyncioreactor.AsyncioSelectorReactor'}
2025-04-27 14:40:14 [scrapy.middleware] INFO: Enabled downloader middlewares:
['scrapy.downloadermiddlewares.offsite.OffsiteMiddleware',
 'scrapy.downloadermiddlewares.robotstxt.RobotsTxtMiddleware',
 'scrapy.downloadermiddlewares.httpauth.HttpAuthMiddleware',
 'scrapy.downloadermiddlewares.downloadtimeout.DownloadTimeoutMiddleware',
 'scrapy.downloadermiddlewares.defaultheaders.DefaultHeadersMiddleware',
 'scrapy.downloadermiddlewares.useragent.UserAgentMiddleware',
 'scrapy.downloadermiddlewares.retry.RetryMiddleware',
 'scrapy.downloadermiddlewares.redirect.MetaRefreshMiddleware',
 'scrapy.downloadermiddlewares.httpcompression.HttpCompressionMiddleware',
 'scrapy.downloadermiddlewares.redirect.RedirectMiddleware',
 'scrapy.downloadermiddlewares.cookies.CookiesMiddleware',
 'scrapy.downloadermiddlewares.httpproxy.HttpProxyMiddleware',
 'scrapy.downloadermiddlewares.stats.DownloaderStats']
2025-04-27 14:40:14 [scrapy.middleware] INFO: Enabled spider middlewares:
['scrapy.spidermiddlewares.httperror.HttpErrorMiddleware',
 'scrapy.spidermiddlewares.referer.RefererMiddleware',
 'scrapy.spidermiddlewares.urllength.UrlLengthMiddleware',
 'scrapy.spidermiddlewares.depth.DepthMiddleware']
2025-04-27 14:40:14 [scrapy.middleware] INFO: Enabled item pipelines:
[]
2025-04-27 14:40:14 [scrapy.core.engine] INFO: Spider opened
2025-04-27 14:40:14 [scrapy.extensions.logstats] INFO: Crawled 0 pages (at 0 pages/min), scraped 0 items (at 0 items/min)
2025-04-27 14:40:14 [scrapy.extensions.telnet] INFO: Telnet console listening on 127.0.0.1:6023
2025-04-27 14:40:40 [movies] INFO: Parsing rendered page: https://www.channelmyanmar.to/movies/
2025-04-27 14:40:40 [scrapy.core.engine] INFO: Closing spider (finished)
2025-04-27 14:40:40 [scrapy.extensions.feedexport] INFO: Stored json feed (0 items) in: output/movies.json
2025-04-27 14:40:40 [scrapy.statscollectors] INFO: Dumping Scrapy stats:
{'downloader/request_bytes': 461,
 'downloader/request_count': 2,
 'downloader/request_method_count/GET': 2,
 'downloader/response_bytes': 65416,
 'downloader/response_count': 2,
 'downloader/response_status_count/200': 2,
 'elapsed_time_seconds': 26.416437,
 'feedexport/success_count/FileFeedStorage': 1,
 'finish_reason': 'finished',
 'finish_time': datetime.datetime(2025, 4, 27, 21, 40, 40, 447925, tzinfo=datetime.timezone.utc),
 'httpcompression/response_bytes': 269506,
 'httpcompression/response_count': 2,
 'items_per_minute': None,
 'log_count/INFO': 12,
 'log_count/WARNING': 1,
 'memusage/max': 75743232,
 'memusage/startup': 75743232,
 'response_received_count': 2,
 'responses_per_minute': None,
 'robotstxt/request_count': 1,
 'robotstxt/response_count': 1,
 'robotstxt/response_status_count/200': 1,
 'scheduler/dequeued': 1,
 'scheduler/dequeued/memory': 1,
 'scheduler/enqueued': 1,
 'scheduler/enqueued/memory': 1,
 'start_time': datetime.datetime(2025, 4, 27, 21, 40, 14, 31488, tzinfo=datetime.timezone.utc)}
2025-04-27 14:40:40 [scrapy.core.engine] INFO: Spider closed (finished)
